<?xml version="1.0" encoding="UTF-8"?>
<!-- Generated by org.testng.reporters.JUnitReportReporter -->
<testsuite hostname="5CG1265QHJ" failures="0" tests="1" name="StreamsLambda" time="0.010" errors="0" timestamp="2022-02-22T08:55:04 IST" skipped="0">
  <testcase classname="StreamsLambda" name="streamCollect" time="0.010"/>
  <system-out/>
</testsuite> <!-- StreamsLambda -->
